c:\users\m513207\dropbox\programming 2016\win32simplesample\debug\vc140.pdb
c:\users\m513207\dropbox\programming 2016\win32simplesample\debug\vc140.idb
c:\users\m513207\dropbox\programming 2016\win32simplesample\debug\chunkobject.obj
c:\users\m513207\dropbox\programming 2016\win32simplesample\debug\deviceresources.obj
c:\users\m513207\dropbox\programming 2016\win32simplesample\debug\displayobject.obj
c:\users\m513207\dropbox\programming 2016\win32simplesample\debug\sceneobject.obj
c:\users\m513207\dropbox\programming 2016\win32simplesample\debug\pch.obj
c:\users\m513207\dropbox\programming 2016\win32simplesample\debug\toolmain.obj
c:\users\m513207\dropbox\programming 2016\win32simplesample\debug\main.obj
c:\users\m513207\dropbox\programming 2016\win32simplesample\debug\mfcmain.obj
c:\users\m513207\dropbox\programming 2016\win32simplesample\debug\game.obj
c:\users\m513207\dropbox\programming 2016\win32simplesample\debug\win32simplesample.ilk
c:\users\m513207\dropbox\programming 2016\win32simplesample\debug\win32simplesample.exe
c:\users\m513207\dropbox\programming 2016\win32simplesample\debug\win32simplesample.pdb
c:\users\m513207\dropbox\programming 2016\win32simplesample\debug\win32simplesample.res
c:\users\m513207\dropbox\programming 2016\win32simplesample\debug\sqlite3.obj
c:\users\m513207\dropbox\programming 2016\win32simplesample\debug\win32sim.dd0bcfe9.tlog\cl.command.1.tlog
c:\users\m513207\dropbox\programming 2016\win32simplesample\debug\win32sim.dd0bcfe9.tlog\cl.read.1.tlog
c:\users\m513207\dropbox\programming 2016\win32simplesample\debug\win32sim.dd0bcfe9.tlog\cl.write.1.tlog
c:\users\m513207\dropbox\programming 2016\win32simplesample\debug\win32sim.dd0bcfe9.tlog\link.command.1.tlog
c:\users\m513207\dropbox\programming 2016\win32simplesample\debug\win32sim.dd0bcfe9.tlog\link.read.1.tlog
c:\users\m513207\dropbox\programming 2016\win32simplesample\debug\win32sim.dd0bcfe9.tlog\link.write.1.tlog
c:\users\m513207\dropbox\programming 2016\win32simplesample\debug\win32sim.dd0bcfe9.tlog\rc.command.1.tlog
c:\users\m513207\dropbox\programming 2016\win32simplesample\debug\win32sim.dd0bcfe9.tlog\rc.read.1.tlog
c:\users\m513207\dropbox\programming 2016\win32simplesample\debug\win32sim.dd0bcfe9.tlog\rc.write.1.tlog
